<?xml version="1.0" encoding="UTF-8"?>
<!-- Generated by org.testng.reporters.JUnitXMLReporter -->
<testsuite hostname="WINDOWS-H6EFL0Q" ignored="4" name="Test" tests="2" failures="0" timestamp="2021-02-27T22:00:41 EET" time="0.096" errors="0">
  <testcase name="meth1" time="0.011" classname="com.inetBanking.pageObjects.ClassV2"/>
  <testcase name="meth1" time="0.003" classname="com.inetBanking.pageObjects.ClassV3"/>
  <testcase name="@AfterTest at" time="0.0" classname="com.inetBanking.pageObjects.ClassV1">
    <ignored/>
  </testcase> <!-- @AfterTest at -->
  <testcase name="@BeforeSuite bs" time="0.0" classname="com.inetBanking.pageObjects.ClassV1">
    <ignored/>
  </testcase> <!-- @BeforeSuite bs -->
  <testcase name="@BeforeTest bt" time="0.0" classname="com.inetBanking.pageObjects.ClassV1">
    <ignored/>
  </testcase> <!-- @BeforeTest bt -->
  <testcase name="@AfterSuite as" time="0.0" classname="com.inetBanking.pageObjects.ClassV1">
    <ignored/>
  </testcase> <!-- @AfterSuite as -->
</testsuite> <!-- Test -->
