<?xml version="1.0" encoding="UTF-8"?>
<testng-results skipped="0" failed="0" ignored="0" total="1" passed="1">
  <reporter-output>
  </reporter-output>
  <suite name="Suite" duration-ms="31486" started-at="2021-03-04T11:00:37 EET" finished-at="2021-03-04T11:01:09 EET">
    <groups>
    </groups>
    <test name="ChromeTest" duration-ms="31486" started-at="2021-03-04T11:00:37 EET" finished-at="2021-03-04T11:01:09 EET">
      <class name="com.inetBanking.testCases.TC_001_LoginTest">
        <test-method status="PASS" signature="setup(java.lang.String)[pri:0, instance:com.inetBanking.testCases.TC_001_LoginTest@77caeb3e]" name="setup" is-config="true" duration-ms="13103" started-at="2021-03-04T11:00:37 EET" finished-at="2021-03-04T11:00:50 EET">
          <params>
            <param index="0">
              <value>
                <![CDATA[chrome]]>
              </value>
            </param>
          </params>
          <reporter-output>
          </reporter-output>
        </test-method> <!-- setup -->
        <test-method status="PASS" signature="loginTest()[pri:0, instance:com.inetBanking.testCases.TC_001_LoginTest@77caeb3e]" name="loginTest" duration-ms="8467" started-at="2021-03-04T11:00:50 EET" finished-at="2021-03-04T11:00:59 EET">
          <reporter-output>
          </reporter-output>
        </test-method> <!-- loginTest -->
        <test-method status="PASS" signature="quitBrowser()[pri:0, instance:com.inetBanking.testCases.TC_001_LoginTest@77caeb3e]" name="quitBrowser" is-config="true" duration-ms="9718" started-at="2021-03-04T11:00:59 EET" finished-at="2021-03-04T11:01:09 EET">
          <reporter-output>
          </reporter-output>
        </test-method> <!-- quitBrowser -->
      </class> <!-- com.inetBanking.testCases.TC_001_LoginTest -->
    </test> <!-- ChromeTest -->
  </suite> <!-- Suite -->
</testng-results>
