<?xml version="1.0" encoding="UTF-8"?>
<testng-results skipped="0" failed="0" ignored="0" total="1" passed="1">
  <reporter-output>
  </reporter-output>
  <suite name="Suite" duration-ms="15828" started-at="2021-03-15T16:59:38 EET" finished-at="2021-03-15T16:59:54 EET">
    <groups>
    </groups>
    <test name="ChromeTest" duration-ms="15828" started-at="2021-03-15T16:59:38 EET" finished-at="2021-03-15T16:59:54 EET">
      <class name="com.inetBanking.testCases.TC_003_NewCustomerTest">
        <test-method status="PASS" signature="setup(java.lang.String)[pri:0, instance:com.inetBanking.testCases.TC_003_NewCustomerTest@77caeb3e]" name="setup" is-config="true" duration-ms="7378" started-at="2021-03-15T16:59:38 EET" finished-at="2021-03-15T16:59:45 EET">
          <params>
            <param index="0">
              <value>
                <![CDATA[chrome]]>
              </value>
            </param>
          </params>
          <reporter-output>
          </reporter-output>
        </test-method> <!-- setup -->
        <test-method status="PASS" signature="createNewCustomer()[pri:0, instance:com.inetBanking.testCases.TC_003_NewCustomerTest@77caeb3e]" name="createNewCustomer" duration-ms="7560" started-at="2021-03-15T16:59:45 EET" finished-at="2021-03-15T16:59:53 EET">
          <reporter-output>
          </reporter-output>
        </test-method> <!-- createNewCustomer -->
        <test-method status="PASS" signature="quitBrowser()[pri:0, instance:com.inetBanking.testCases.TC_003_NewCustomerTest@77caeb3e]" name="quitBrowser" is-config="true" duration-ms="663" started-at="2021-03-15T16:59:53 EET" finished-at="2021-03-15T16:59:54 EET">
          <reporter-output>
          </reporter-output>
        </test-method> <!-- quitBrowser -->
      </class> <!-- com.inetBanking.testCases.TC_003_NewCustomerTest -->
    </test> <!-- ChromeTest -->
  </suite> <!-- Suite -->
</testng-results>
