<?xml version="1.0" encoding="UTF-8"?>
<testng-results skipped="0" failed="0" ignored="0" total="1" passed="1">
  <reporter-output>
  </reporter-output>
  <suite name="Suite" duration-ms="14540" started-at="2021-03-15T16:17:00 EET" finished-at="2021-03-15T16:17:15 EET">
    <groups>
    </groups>
    <test name="ChromeTest" duration-ms="14540" started-at="2021-03-15T16:17:00 EET" finished-at="2021-03-15T16:17:15 EET">
      <class name="com.inetBanking.testCases.TC_003_NewCustomerTest">
        <test-method status="PASS" signature="setup(java.lang.String)[pri:0, instance:com.inetBanking.testCases.TC_003_NewCustomerTest@3b088d51]" name="setup" is-config="true" duration-ms="5449" started-at="2021-03-15T16:17:00 EET" finished-at="2021-03-15T16:17:06 EET">
          <params>
            <param index="0">
              <value>
                <![CDATA[chrome]]>
              </value>
            </param>
          </params>
          <reporter-output>
          </reporter-output>
        </test-method> <!-- setup -->
        <test-method status="PASS" signature="createNewCustomer()[pri:0, instance:com.inetBanking.testCases.TC_003_NewCustomerTest@3b088d51]" name="createNewCustomer" duration-ms="8101" started-at="2021-03-15T16:17:06 EET" finished-at="2021-03-15T16:17:14 EET">
          <reporter-output>
          </reporter-output>
        </test-method> <!-- createNewCustomer -->
        <test-method status="PASS" signature="quitBrowser()[pri:0, instance:com.inetBanking.testCases.TC_003_NewCustomerTest@3b088d51]" name="quitBrowser" is-config="true" duration-ms="761" started-at="2021-03-15T16:17:14 EET" finished-at="2021-03-15T16:17:15 EET">
          <reporter-output>
          </reporter-output>
        </test-method> <!-- quitBrowser -->
      </class> <!-- com.inetBanking.testCases.TC_003_NewCustomerTest -->
    </test> <!-- ChromeTest -->
  </suite> <!-- Suite -->
</testng-results>
